<?xml version="1.0" encoding="UTF-8"?>
<!-- Generated by org.testng.reporters.JUnitReportReporter -->
<testsuite hostname="IBM-GPHPMS3" failures="0" tests="1" name="driverSetup.EdgeDriverStart" time="0.230" errors="0" timestamp="2024-10-16T23:42:20 IST" skipped="0">
  <testcase classname="driverSetup.EdgeDriverStart" name="run" time="0.230"/>
  <system-out/>
</testsuite> <!-- driverSetup.EdgeDriverStart -->
