<?xml version="1.0" encoding="UTF-8"?>
<!-- Generated by org.testng.reporters.JUnitReportReporter -->
<testsuite hostname="IBM-GPHPMS3" failures="0" tests="1" name="PageClass.LoginPage" time="5.078" errors="0" timestamp="2024-10-17T12:47:42 IST" skipped="0">
  <testcase classname="PageClass.LoginPage" name="testcase_01" time="5.078"/>
  <system-out/>
</testsuite> <!-- PageClass.LoginPage -->
