<?xml version="1.0" encoding="UTF-8"?>
<!-- Generated by org.testng.reporters.JUnitReportReporter -->
<testsuite hostname="IBM-GPHPMS3" failures="0" tests="7" name="TestClass.LoginTest" time="28.607" errors="0" timestamp="2024-10-24T14:56:33 IST" skipped="0">
  <testcase classname="TestClass.LoginTest" name="Logintestcase_01" time="0.377"/>
  <system-out/>
  <testcase classname="TestClass.LoginTest" name="Logintestcase_02" time="14.578"/>
  <system-out/>
  <testcase classname="TestClass.LoginTest" name="logintestcase_03" time="0.727"/>
  <system-out/>
  <testcase classname="TestClass.LoginTest" name="Logintestcase_04" time="2.656"/>
  <system-out/>
  <testcase classname="TestClass.LoginTest" name="Logintestcase_05" time="5.566"/>
  <system-out/>
  <testcase classname="TestClass.LoginTest" name="Logintestcase_06" time="2.901"/>
  <system-out/>
  <testcase classname="TestClass.LoginTest" name="Logintestcase_07" time="1.802"/>
  <system-out/>
</testsuite> <!-- TestClass.LoginTest -->
